#
# A fatal error has been detected by the Java Runtime Environment:
#
#  SIGSEGV (0xb) at pc=0x00007ff67b447c1b, pid=35167, tid=35170
#
# JRE version: OpenJDK Runtime Environment (11.0.20.1+1) (build 11.0.20.1+1-post-Ubuntu-0ubuntu122.04)
# Java VM: OpenJDK 64-Bit Server VM (11.0.20.1+1-post-Ubuntu-0ubuntu122.04, mixed mode, sharing, tiered, compressed oops, g1 gc, linux-amd64)
# Problematic frame:
# C  [libavutil.so.57+0x40c1b]  av_opt_next+0x1b
#
# Core dump will be written. Default location: Core dumps may be processed with "/usr/share/apport/apport -p%p -s%s -c%c -d%d -P%P -u%u -g%g -- %E" (or dumping to /home/usama/AntMedia/AMS/Ant-Media-Server/core.35167)
#
# If you would like to submit a bug report, please visit:
#   https://bugs.launchpad.net/ubuntu/+source/openjdk-lts
# The crash happened outside the Java Virtual Machine in native code.
# See problematic frame for where to report the bug.
#

---------------  S U M M A R Y ------------

Command Line: -agentlib:jdwp=transport=dt_socket,address=127.0.0.1:45259,suspend=y,server=n -ea --illegal-access=permit -Xmx750M -XX:+UseG1GC -XX:MaxGCPauseMillis=100 -Djava.library.path=/home/usama/AntMedia/AMS/Ant-Media-Server/src/main/server/lib/native-linux-x86_64 -Didea.test.cyclic.buffer.size=1048576 -javaagent:/snap/intellij-idea-ultimate/459/plugins/java/lib/rt/debugger-agent.jar=file:/tmp/capture.props -Dfile.encoding=UTF-8 com.intellij.rt.junit.JUnitStarter -ideVersion5 -junit4 io.antmedia.test.MuxerUnitTest,testRTMPWriteCrash

Host: AMD Ryzen 7 5700U with Radeon Graphics, 16 cores, 13G, Ubuntu 22.04.3 LTS
Time: Wed Nov  8 15:29:31 2023 IST elapsed time: 5469.111089 seconds (0d 1h 31m 9s)

---------------  T H R E A D  ---------------

Current thread (0x00007ff708020000):  JavaThread "main" [_thread_in_native, id=35170, stack(0x00007ff710300000,0x00007ff710400000)]

Stack: [0x00007ff710300000,0x00007ff710400000],  sp=0x00007ff7103fcf08,  free space=1011k
Native frames: (J=compiled Java code, A=aot compiled Java code, j=interpreted, Vv=VM code, C=native code)
C  [libavutil.so.57+0x40c1b]  av_opt_next+0x1b

Java frames: (J=compiled Java code, j=interpreted, Vv=VM code)
j  org.bytedeco.ffmpeg.global.avutil.av_opt_get(Lorg/bytedeco/javacpp/Pointer;Ljava/lang/String;ILjava/nio/ByteBuffer;)I+0
j  io.antmedia.test.MuxerUnitTest.testRTMPWriteCrash()V+206
v  ~StubRoutines::call_stub
j  jdk.internal.reflect.NativeMethodAccessorImpl.invoke0(Ljava/lang/reflect/Method;Ljava/lang/Object;[Ljava/lang/Object;)Ljava/lang/Object;+0 java.base@11.0.20.1
j  jdk.internal.reflect.NativeMethodAccessorImpl.invoke(Ljava/lang/Object;[Ljava/lang/Object;)Ljava/lang/Object;+100 java.base@11.0.20.1
j  jdk.internal.reflect.DelegatingMethodAccessorImpl.invoke(Ljava/lang/Object;[Ljava/lang/Object;)Ljava/lang/Object;+6 java.base@11.0.20.1
j  java.lang.reflect.Method.invoke(Ljava/lang/Object;[Ljava/lang/Object;)Ljava/lang/Object;+59 java.base@11.0.20.1
j  org.junit.runners.model.FrameworkMethod$1.runReflectiveCall()Ljava/lang/Object;+15
j  org.junit.internal.runners.model.ReflectiveCallable.run()Ljava/lang/Object;+1
j  org.junit.runners.model.FrameworkMethod.invokeExplosively(Ljava/lang/Object;[Ljava/lang/Object;)Ljava/lang/Object;+10
j  org.junit.internal.runners.statements.InvokeMethod.evaluate()V+12
j  org.springframework.test.context.junit4.statements.RunBeforeTestExecutionCallbacks.evaluate()V+19
j  org.springframework.test.context.junit4.statements.RunAfterTestExecutionCallbacks.evaluate()V+14
j  org.junit.internal.runners.statements.RunBefores.evaluate()V+41
j  org.springframework.test.context.junit4.statements.RunBeforeTestMethodCallbacks.evaluate()V+19
j  org.junit.internal.runners.statements.RunAfters.evaluate()V+12
j  org.springframework.test.context.junit4.statements.RunAfterTestMethodCallbacks.evaluate()V+14
j  org.junit.rules.TestWatcher$1.evaluate()V+24
j  org.springframework.test.context.junit4.statements.SpringRepeat.evaluate()V+82
j  org.junit.runners.ParentRunner.runLeaf(Lorg/junit/runners/model/Statement;Lorg/junit/runner/Description;Lorg/junit/runner/notification/RunNotifier;)V+17
j  org.springframework.test.context.junit4.SpringJUnit4ClassRunner.runChild(Lorg/junit/runners/model/FrameworkMethod;Lorg/junit/runner/notification/RunNotifier;)V+50
j  org.springframework.test.context.junit4.SpringJUnit4ClassRunner.runChild(Ljava/lang/Object;Lorg/junit/runner/notification/RunNotifier;)V+6
j  org.junit.runners.ParentRunner$4.run()V+12
j  org.junit.runners.ParentRunner$1.schedule(Ljava/lang/Runnable;)V+1
j  org.junit.runners.ParentRunner.runChildren(Lorg/junit/runner/notification/RunNotifier;)V+44
j  org.junit.runners.ParentRunner.access$100(Lorg/junit/runners/ParentRunner;Lorg/junit/runner/notification/RunNotifier;)V+2
j  org.junit.runners.ParentRunner$2.evaluate()V+8
j  org.junit.internal.runners.statements.RunBefores.evaluate()V+41
j  org.springframework.test.context.junit4.statements.RunBeforeTestClassCallbacks.evaluate()V+11
j  org.springframework.test.context.junit4.statements.RunAfterTestClassCallbacks.evaluate()V+12
j  org.junit.runners.ParentRunner$3.evaluate()V+4
j  org.junit.runners.ParentRunner.run(Lorg/junit/runner/notification/RunNotifier;)V+24
j  org.springframework.test.context.junit4.SpringJUnit4ClassRunner.run(Lorg/junit/runner/notification/RunNotifier;)V+24
j  org.junit.runner.JUnitCore.run(Lorg/junit/runner/Runner;)Lorg/junit/runner/Result;+37
j  com.intellij.junit4.JUnit4IdeaTestRunner.startRunnerWithArgs([Ljava/lang/String;Ljava/lang/String;IZ)I+166
j  com.intellij.rt.junit.IdeaTestRunner$Repeater$1.execute(Z)I+17
j  com.intellij.rt.execution.junit.TestsRepeater.repeat(IZLcom/intellij/rt/execution/junit/TestsRepeater$TestRun;)I+7
j  com.intellij.rt.junit.IdeaTestRunner$Repeater.startRunnerWithArgs(Lcom/intellij/rt/junit/IdeaTestRunner;[Ljava/lang/String;Ljava/util/ArrayList;Ljava/lang/String;IZ)I+25
j  com.intellij.rt.junit.JUnitStarter.prepareStreamsAndStart([Ljava/lang/String;Ljava/lang/String;Ljava/util/ArrayList;Ljava/lang/String;)I+117
j  com.intellij.rt.junit.JUnitStarter.main([Ljava/lang/String;)V+97
v  ~StubRoutines::call_stub

siginfo: si_signo: 11 (SIGSEGV), si_code: 128 (SI_KERNEL), si_addr: 0x0000000000000000

Register to memory mapping:

RAX=0x6f746f7270007473 is an unknown value
RBX=0x00007ff6796857c0: <offset 0x00000000008857c0> in /home/usama/.javacpp/cache/ffmpeg-5.1.2-1.5.8-linux-x86_64.jar/org/bytedeco/ffmpeg/linux-x86_64/libavformat.so.59 at 0x00007ff678e00000
RCX=0x0 is NULL
RDX=0x0 is NULL
RSP=0x00007ff7103fcf08 is pointing into the stack for thread: 0x00007ff708020000
RBP=0x0 is NULL
RSI=0x0 is NULL
RDI=0x00007ff6796857c0: <offset 0x00000000008857c0> in /home/usama/.javacpp/cache/ffmpeg-5.1.2-1.5.8-linux-x86_64.jar/org/bytedeco/ffmpeg/linux-x86_64/libavformat.so.59 at 0x00007ff678e00000
R8 =0x0 is NULL
R9 =0x00007ff7103fcf88 is pointing into the stack for thread: 0x00007ff708020000
R10=0x00007ff67b40cc10: <offset 0x0000000000005c10> in /home/usama/.javacpp/cache/ffmpeg-5.1.2-1.5.8-linux-x86_64.jar/org/bytedeco/ffmpeg/linux-x86_64/libavutil.so.57 at 0x00007ff67b407000
R11=0x00007ff67b448af0: av_opt_get+0x0000000000000000 in /home/usama/.javacpp/cache/ffmpeg-5.1.2-1.5.8-linux-x86_64.jar/org/bytedeco/ffmpeg/linux-x86_64/libavutil.so.57 at 0x00007ff67b407000
R12=0x00007ff7082404a0 points into unknown readable memory: 0x7070615f706d7472 | 72 74 6d 70 5f 61 70 70
R13=0x0 is NULL
R14=0x0 is NULL
R15=0x00007ff6794c8961: <offset 0x00000000006c8961> in /home/usama/.javacpp/cache/ffmpeg-5.1.2-1.5.8-linux-x86_64.jar/org/bytedeco/ffmpeg/linux-x86_64/libavformat.so.59 at 0x00007ff678e00000


Registers:
RAX=0x6f746f7270007473, RBX=0x00007ff6796857c0, RCX=0x0000000000000000, RDX=0x0000000000000000
RSP=0x00007ff7103fcf08, RBP=0x0000000000000000, RSI=0x0000000000000000, RDI=0x00007ff6796857c0
R8 =0x0000000000000000, R9 =0x00007ff7103fcf88, R10=0x00007ff67b40cc10, R11=0x00007ff67b448af0
R12=0x00007ff7082404a0, R13=0x0000000000000000, R14=0x0000000000000000, R15=0x00007ff6794c8961
RIP=0x00007ff67b447c1b, EFLAGS=0x0000000000010202, CSGSFS=0x002b000000000033, ERR=0x0000000000000000
  TRAPNO=0x000000000000000d

Top of Stack: (sp=0x00007ff7103fcf08)
0x00007ff7103fcf08:   00007ff67b44839b 00007ff7103fd138
0x00007ff7103fcf18:   00007ff7103fcf88 00007ff708020348
0x00007ff7103fcf28:   00007ff67bdae656 0000000000000000
0x00007ff7103fcf38:   0000003000000018 00007ff7103fd010 

Instructions: (pc=0x00007ff67b447c1b)
0x00007ff67b447b1b:   80 00 00 00 00 0f 85 fa fe ff ff 48 8d 15 eb f5
0x00007ff67b447b2b:   07 00 be 20 00 00 00 31 c0 e9 27 cb ff ff 0f 1f
0x00007ff67b447b3b:   80 00 00 00 00 0f 85 be fe ff ff 48 8d 15 cc f5
0x00007ff67b447b4b:   07 00 be 20 00 00 00 31 c0 e9 07 cb ff ff 0f 1f
0x00007ff67b447b5b:   80 00 00 00 00 0f 85 ac fe ff ff 48 8d 15 b5 f5
0x00007ff67b447b6b:   07 00 be 20 00 00 00 31 c0 e9 e7 ca ff ff 0f 1f
0x00007ff67b447b7b:   80 00 00 00 00 0f 85 a8 fe ff ff 48 8d 15 94 f5
0x00007ff67b447b8b:   07 00 be 20 00 00 00 31 c0 e9 c7 ca ff ff 0f 85
0x00007ff67b447b9b:   9d fe ff ff 48 8d 15 85 f5 07 00 be 20 00 00 00
0x00007ff67b447bab:   31 c0 e9 ae ca ff ff 0f 85 92 fe ff ff 48 8d 15
0x00007ff67b447bbb:   75 f5 07 00 be 20 00 00 00 31 c0 e9 95 ca ff ff
0x00007ff67b447bcb:   48 8d 15 6a f5 07 00 be 20 00 00 00 b8 01 00 00
0x00007ff67b447bdb:   00 e9 7f ca ff ff 0f 85 71 fe ff ff 48 8d 15 3c
0x00007ff67b447beb:   f5 07 00 be 20 00 00 00 31 c0 e9 66 ca ff ff 66
0x00007ff67b447bfb:   0f 1f 44 00 00 48 85 ff 74 43 48 8b 07 48 85 f6
0x00007ff67b447c0b:   75 28 48 85 c0 74 1e 48 8b 40 10 48 85 c0 74 2f
0x00007ff67b447c1b:   48 83 38 00 ba 00 00 00 00 48 0f 44 c2 c3 0f 1f
0x00007ff67b447c2b:   80 00 00 00 00 48 85 f6 74 13 48 8b 46 40 48 83
0x00007ff67b447c3b:   c6 40 48 85 c0 48 0f 45 c6 c3 0f 1f 00 31 c0 c3
0x00007ff67b447c4b:   0f 1f 44 00 00 41 56 41 55 49 89 d5 41 54 49 89
0x00007ff67b447c5b:   f4 55 31 ed 53 48 89 fb 48 81 ec 00 02 00 00 c6
0x00007ff67b447c6b:   04 24 00 49 89 e6 48 85 f6 74 68 66 2e 0f 1f 84
0x00007ff67b447c7b:   00 00 00 00 00 48 89 ee 48 89 df e8 75 ff ff ff
0x00007ff67b447c8b:   48 89 c5 48 85 c0 74 45 83 7d 14 0a 75 e7 48 8b
0x00007ff67b447c9b:   7d 38 4c 89 e6 e8 7b 4a fd ff 85 c0 75 d7 4c 85
0x00007ff67b447cab:   6d 18 74 d1 80 3c 24 00 75 5b 48 8b 4d 00 48 8d
0x00007ff67b447cbb:   15 af d5 07 00 4c 89 f7 31 c0 be 00 02 00 00 e8
0x00007ff67b447ccb:   b1 eb fd ff eb af 0f 1f 80 00 00 00 00 80 3c 24
0x00007ff67b447cdb:   00 75 12 48 81 c4 00 02 00 00 31 c0 5b 5d 41 5c
0x00007ff67b447ceb:   41 5d 41 5e c3 48 89 e7 e8 48 e6 ff ff 48 81 c4
0x00007ff67b447cfb:   00 02 00 00 5b 5d 41 5c 41 5d 41 5e c3 0f 1f 84
0x00007ff67b447d0b:   00 00 00 00 00 48 8d 15 4e 9e 07 00 be 00 02 00 


Stack slot to memory mapping:
stack at sp + 0 slots: 0x00007ff67b44839b: av_opt_find2+0x000000000000013b in /home/usama/.javacpp/cache/ffmpeg-5.1.2-1.5.8-linux-x86_64.jar/org/bytedeco/ffmpeg/linux-x86_64/libavutil.so.57 at 0x00007ff67b407000
stack at sp + 1 slots: 0x00007ff7103fd138 is pointing into the stack for thread: 0x00007ff708020000
stack at sp + 2 slots: 0x00007ff7103fcf88 is pointing into the stack for thread: 0x00007ff708020000
stack at sp + 3 slots: 0x00007ff708020348 points into unknown readable memory: 0x00007ff711645b60 | 60 5b 64 11 f7 7f 00 00
stack at sp + 4 slots: 0x00007ff67bdae656: _ZN7JNIEnv_16CallObjectMethodEP8_jobjectP10_jmethodIDz+0x0000000000000086 in /home/usama/.javacpp/cache/ffmpeg-5.1.2-1.5.8-linux-x86_64.jar/org/bytedeco/ffmpeg/linux-x86_64/libjniavutil.so at 0x00007ff67bcd6000
stack at sp + 5 slots: 0x0 is NULL
stack at sp + 6 slots: 0x0000003000000018 is an unknown value
stack at sp + 7 slots: 0x00007ff7103fd010 is pointing into the stack for thread: 0x00007ff708020000


---------------  P R O C E S S  ---------------

Threads class SMR info:
_java_thread_list=0x00007ff6a80043d0, length=21, elements={
0x00007ff708020000, 0x00007ff7081cd000, 0x00007ff7081cf800, 0x00007ff7081d3800,
0x00007ff7081d6000, 0x00007ff7081d8000, 0x00007ff7081da000, 0x00007ff7081dc000,
0x00007ff7081ee000, 0x00007ff708242800, 0x00007ff709301000, 0x00007ff70964e000,
0x00007ff70964f800, 0x00007ff709651000, 0x00007ff709653000, 0x00007ff709654800,
0x00007ff709662000, 0x00007ff70966c800, 0x00007ff7097a1800, 0x00007ff709925800,
0x00007ff709950800
}

Java Threads: ( => current thread )
=>0x00007ff708020000 JavaThread "main" [_thread_in_native, id=35170, stack(0x00007ff710300000,0x00007ff710400000)]
  0x00007ff7081cd000 JavaThread "Reference Handler" daemon [_thread_blocked, id=35179, stack(0x00007ff6e15fe000,0x00007ff6e16fe000)]
  0x00007ff7081cf800 JavaThread "Finalizer" daemon [_thread_blocked, id=35180, stack(0x00007ff6e14fe000,0x00007ff6e15fe000)]
  0x00007ff7081d3800 JavaThread "Signal Dispatcher" daemon [_thread_blocked, id=35181, stack(0x00007ff6e13fe000,0x00007ff6e14fe000)]
  0x00007ff7081d6000 JavaThread "Service Thread" daemon [_thread_blocked, id=35182, stack(0x00007ff6e12fe000,0x00007ff6e13fe000)]
  0x00007ff7081d8000 JavaThread "C2 CompilerThread0" daemon [_thread_blocked, id=35183, stack(0x00007ff6e11fe000,0x00007ff6e12fe000)]
  0x00007ff7081da000 JavaThread "C1 CompilerThread0" daemon [_thread_blocked, id=35184, stack(0x00007ff6e10fe000,0x00007ff6e11fe000)]
  0x00007ff7081dc000 JavaThread "Sweeper thread" daemon [_thread_blocked, id=35185, stack(0x00007ff6e0ffe000,0x00007ff6e10fe000)]
  0x00007ff7081ee000 JavaThread "Common-Cleaner" daemon [_thread_blocked, id=35189, stack(0x00007ff6e0dfe000,0x00007ff6e0efe000)]
  0x00007ff708242800 JavaThread "JDWP Event Helper Thread" daemon [_thread_blocked, id=35193, stack(0x00007ff6e0bfe000,0x00007ff6e0cfe000)]
  0x00007ff709301000 JavaThread "JavaCPP Deallocator" daemon [_thread_blocked, id=35218, stack(0x00007ff6e00f4000,0x00007ff6e01f4000)]
  0x00007ff70964e000 JavaThread "Red5_Scheduler_Worker-1" [_thread_blocked, id=35219, stack(0x00007ff67b900000,0x00007ff67ba00000)]
  0x00007ff70964f800 JavaThread "Red5_Scheduler_Worker-2" [_thread_blocked, id=35220, stack(0x00007ff67b100000,0x00007ff67b200000)]
  0x00007ff709651000 JavaThread "Red5_Scheduler_Worker-3" [_thread_blocked, id=35221, stack(0x00007ff678500000,0x00007ff678600000)]
  0x00007ff709653000 JavaThread "Red5_Scheduler_Worker-4" [_thread_blocked, id=35222, stack(0x00007ff678400000,0x00007ff678500000)]
  0x00007ff709654800 JavaThread "Red5_Scheduler_Worker-5" [_thread_blocked, id=35223, stack(0x00007ff678300000,0x00007ff678400000)]
  0x00007ff709662000 JavaThread "Red5_Scheduler_Worker-6" [_thread_blocked, id=35224, stack(0x00007ff678200000,0x00007ff678300000)]
  0x00007ff70966c800 JavaThread "Red5_Scheduler_QuartzSchedulerThread" [_thread_blocked, id=35225, stack(0x00007ff678100000,0x00007ff678200000)]
  0x00007ff7097a1800 JavaThread "vertx-blocked-thread-checker" daemon [_thread_blocked, id=35236, stack(0x00007ff678000000,0x00007ff678100000)]
  0x00007ff709925800 JavaThread "vert.x-eventloop-thread-0" [_thread_blocked, id=35237, stack(0x00007ff65aab2000,0x00007ff65abb2000)]
  0x00007ff709950800 JavaThread "vertx-blocked-thread-checker" daemon [_thread_blocked, id=35238, stack(0x00007ff65ac5c000,0x00007ff65ad5c000)]

Other Threads:
  0x00007ff7081ca800 VMThread "VM Thread" [stack: 0x00007ff6e1700000,0x00007ff6e1800000] [id=35178]
  0x00007ff708254000 WatcherThread [stack: 0x00007ff6e09fe000,0x00007ff6e0afe000] [id=35198]
  0x00007ff70803b000 GCTaskThread "GC Thread#0" [stack: 0x00007ff70f417000,0x00007ff70f517000] [id=35173]
  0x00007ff6d8001000 GCTaskThread "GC Thread#1" [stack: 0x00007ff6e06fc000,0x00007ff6e07fc000] [id=35201]
  0x00007ff6d8002800 GCTaskThread "GC Thread#2" [stack: 0x00007ff6e05fa000,0x00007ff6e06fa000] [id=35202]
  0x00007ff6d8004800 GCTaskThread "GC Thread#3" [stack: 0x00007ff6e04f8000,0x00007ff6e05f8000] [id=35203]
  0x00007ff6d8006000 GCTaskThread "GC Thread#4" [stack: 0x00007ff6e03f6000,0x00007ff6e04f6000] [id=35204]
  0x00007ff6d800b000 GCTaskThread "GC Thread#5" [stack: 0x00007ff65bd00000,0x00007ff65be00000] [id=35226]
  0x00007ff6d800c000 GCTaskThread "GC Thread#6" [stack: 0x00007ff65bbfe000,0x00007ff65bcfe000] [id=35227]
  0x00007ff6d800d800 GCTaskThread "GC Thread#7" [stack: 0x00007ff65bafc000,0x00007ff65bbfc000] [id=35228]
  0x00007ff6d800f000 GCTaskThread "GC Thread#8" [stack: 0x00007ff65b9fa000,0x00007ff65bafa000] [id=35229]
  0x00007ff6d8010800 GCTaskThread "GC Thread#9" [stack: 0x00007ff65b8f8000,0x00007ff65b9f8000] [id=35230]
  0x00007ff6d8012000 GCTaskThread "GC Thread#10" [stack: 0x00007ff65b7f6000,0x00007ff65b8f6000] [id=35231]
  0x00007ff6d8013800 GCTaskThread "GC Thread#11" [stack: 0x00007ff65b6f4000,0x00007ff65b7f4000] [id=35232]
  0x00007ff6d8015000 GCTaskThread "GC Thread#12" [stack: 0x00007ff65b5f2000,0x00007ff65b6f2000] [id=35233]
  0x00007ff708051800 ConcurrentGCThread "G1 Main Marker" [stack: 0x00007ff70ca33000,0x00007ff70cb33000] [id=35174]
  0x00007ff708053800 ConcurrentGCThread "G1 Conc#0" [stack: 0x00007ff70c931000,0x00007ff70ca31000] [id=35175]
  0x00007ff6e4001000 ConcurrentGCThread "G1 Conc#1" [stack: 0x00007ff65b4f0000,0x00007ff65b5f0000] [id=35234]
  0x00007ff6e4003000 ConcurrentGCThread "G1 Conc#2" [stack: 0x00007ff65b3ee000,0x00007ff65b4ee000] [id=35235]
  0x00007ff708135000 ConcurrentGCThread "G1 Refine#0" [stack: 0x00007ff6f01fd000,0x00007ff6f02fd000] [id=35176]
  0x00007ff708137000 ConcurrentGCThread "G1 Young RemSet Sampling" [stack: 0x00007ff6f00fb000,0x00007ff6f01fb000] [id=35177]

Threads with active compile tasks:

VM state:not at safepoint (normal execution)

VM Mutex/Monitor currently owned by a thread: None

Heap address: 0x00000000d1200000, size: 750 MB, Compressed Oops mode: 32-bit
Narrow klass base: 0x0000000800000000, Narrow klass shift: 3
Compressed class space size: 1073741824 Address: 0x0000000840000000

Heap:
 garbage-first heap   total 223232K, used 111478K [0x00000000d1200000, 0x0000000100000000)
  region size 1024K, 93 young (95232K), 6 survivors (6144K)
 Metaspace       used 27431K, capacity 28360K, committed 28668K, reserved 1075200K
  class space    used 3163K, capacity 3546K, committed 3580K, reserved 1048576K
Heap Regions: E=young(eden), S=young(survivor), O=old, HS=humongous(starts), HC=humongous(continues), CS=collection set, F=free, A=archive, TAMS=top-at-mark-start (previous, next)
|   0|0x00000000d1200000, 0x00000000d1300000, 0x00000000d1300000|100%| O|  |TAMS 0x00000000d1300000, 0x00000000d1200000| Untracked 
|   1|0x00000000d1300000, 0x00000000d1400000, 0x00000000d1400000|100%| O|  |TAMS 0x00000000d1400000, 0x00000000d1300000| Untracked 
|   2|0x00000000d1400000, 0x00000000d1500000, 0x00000000d1500000|100%|HS|  |TAMS 0x00000000d1500000, 0x00000000d1400000| Complete 
|   3|0x00000000d1500000, 0x00000000d1600000, 0x00000000d1600000|100%| O|  |TAMS 0x00000000d1600000, 0x00000000d1500000| Untracked 
|   4|0x00000000d1600000, 0x00000000d1700000, 0x00000000d1700000|100%|HS|  |TAMS 0x00000000d1700000, 0x00000000d1600000| Complete 
|   5|0x00000000d1700000, 0x00000000d1800000, 0x00000000d1800000|100%|HC|  |TAMS 0x00000000d1800000, 0x00000000d1700000| Complete 
|   6|0x00000000d1800000, 0x00000000d1900000, 0x00000000d1900000|100%|HS|  |TAMS 0x00000000d1900000, 0x00000000d1800000| Complete 
|   7|0x00000000d1900000, 0x00000000d1a00000, 0x00000000d1a00000|100%|HS|  |TAMS 0x00000000d1a00000, 0x00000000d1900000| Complete 
|   8|0x00000000d1a00000, 0x00000000d1b00000, 0x00000000d1b00000|100%| O|  |TAMS 0x00000000d1b00000, 0x00000000d1a00000| Untracked 
|   9|0x00000000d1b00000, 0x00000000d1c00000, 0x00000000d1c00000|100%| O|  |TAMS 0x00000000d1c00000, 0x00000000d1b00000| Untracked 
|  10|0x00000000d1c00000, 0x00000000d1d00000, 0x00000000d1d00000|100%| O|  |TAMS 0x00000000d1d00000, 0x00000000d1c00000| Untracked 
|  11|0x00000000d1d00000, 0x00000000d1e00000, 0x00000000d1e00000|100%| O|  |TAMS 0x00000000d1e00000, 0x00000000d1d00000| Untracked 
|  12|0x00000000d1e00000, 0x00000000d1f00000, 0x00000000d1f00000|100%| O|  |TAMS 0x00000000d1f00000, 0x00000000d1e00000| Untracked 
|  13|0x00000000d1f00000, 0x00000000d2000000, 0x00000000d2000000|100%| O|  |TAMS 0x00000000d2000000, 0x00000000d1f00000| Untracked 
|  14|0x00000000d2000000, 0x00000000d2100000, 0x00000000d2100000|100%| O|  |TAMS 0x00000000d2100000, 0x00000000d2000000| Untracked 
|  15|0x00000000d2100000, 0x00000000d2200000, 0x00000000d2200000|100%| O|  |TAMS 0x00000000d2200000, 0x00000000d2100000| Untracked 
|  16|0x00000000d2200000, 0x00000000d22d2800, 0x00000000d2300000| 82%| O|  |TAMS 0x00000000d22d2800, 0x00000000d2200000| Untracked 
|  17|0x00000000d2300000, 0x00000000d2300000, 0x00000000d2400000|  0%| F|  |TAMS 0x00000000d2300000, 0x00000000d2300000| Untracked 
|  18|0x00000000d2400000, 0x00000000d2400000, 0x00000000d2500000|  0%| F|  |TAMS 0x00000000d2400000, 0x00000000d2400000| Untracked 
|  19|0x00000000d2500000, 0x00000000d2500000, 0x00000000d2600000|  0%| F|  |TAMS 0x00000000d2500000, 0x00000000d2500000| Untracked 
|  20|0x00000000d2600000, 0x00000000d2600000, 0x00000000d2700000|  0%| F|  |TAMS 0x00000000d2600000, 0x00000000d2600000| Untracked 
|  21|0x00000000d2700000, 0x00000000d2700000, 0x00000000d2800000|  0%| F|  |TAMS 0x00000000d2700000, 0x00000000d2700000| Untracked 
|  22|0x00000000d2800000, 0x00000000d2800000, 0x00000000d2900000|  0%| F|  |TAMS 0x00000000d2800000, 0x00000000d2800000| Untracked 
|  23|0x00000000d2900000, 0x00000000d2900000, 0x00000000d2a00000|  0%| F|  |TAMS 0x00000000d2900000, 0x00000000d2900000| Untracked 
|  24|0x00000000d2a00000, 0x00000000d2a00000, 0x00000000d2b00000|  0%| F|  |TAMS 0x00000000d2a00000, 0x00000000d2a00000| Untracked 
|  25|0x00000000d2b00000, 0x00000000d2b00000, 0x00000000d2c00000|  0%| F|  |TAMS 0x00000000d2b00000, 0x00000000d2b00000| Untracked 
|  26|0x00000000d2c00000, 0x00000000d2c00000, 0x00000000d2d00000|  0%| F|  |TAMS 0x00000000d2c00000, 0x00000000d2c00000| Untracked 
|  27|0x00000000d2d00000, 0x00000000d2d00000, 0x00000000d2e00000|  0%| F|  |TAMS 0x00000000d2d00000, 0x00000000d2d00000| Untracked 
|  28|0x00000000d2e00000, 0x00000000d2e00000, 0x00000000d2f00000|  0%| F|  |TAMS 0x00000000d2e00000, 0x00000000d2e00000| Untracked 
|  29|0x00000000d2f00000, 0x00000000d2f00000, 0x00000000d3000000|  0%| F|  |TAMS 0x00000000d2f00000, 0x00000000d2f00000| Untracked 
|  30|0x00000000d3000000, 0x00000000d3000000, 0x00000000d3100000|  0%| F|  |TAMS 0x00000000d3000000, 0x00000000d3000000| Untracked 
|  31|0x00000000d3100000, 0x00000000d3100000, 0x00000000d3200000|  0%| F|  |TAMS 0x00000000d3100000, 0x00000000d3100000| Untracked 
|  32|0x00000000d3200000, 0x00000000d3200000, 0x00000000d3300000|  0%| F|  |TAMS 0x00000000d3200000, 0x00000000d3200000| Untracked 
|  33|0x00000000d3300000, 0x00000000d3300000, 0x00000000d3400000|  0%| F|  |TAMS 0x00000000d3300000, 0x00000000d3300000| Untracked 
|  34|0x00000000d3400000, 0x00000000d3400000, 0x00000000d3500000|  0%| F|  |TAMS 0x00000000d3400000, 0x00000000d3400000| Untracked 
|  35|0x00000000d3500000, 0x00000000d3500000, 0x00000000d3600000|  0%| F|  |TAMS 0x00000000d3500000, 0x00000000d3500000| Untracked 
|  36|0x00000000d3600000, 0x00000000d3600000, 0x00000000d3700000|  0%| F|  |TAMS 0x00000000d3600000, 0x00000000d3600000| Untracked 
|  37|0x00000000d3700000, 0x00000000d3700000, 0x00000000d3800000|  0%| F|  |TAMS 0x00000000d3700000, 0x00000000d3700000| Untracked 
|  38|0x00000000d3800000, 0x00000000d3800000, 0x00000000d3900000|  0%| F|  |TAMS 0x00000000d3800000, 0x00000000d3800000| Untracked 
|  39|0x00000000d3900000, 0x00000000d3900000, 0x00000000d3a00000|  0%| F|  |TAMS 0x00000000d3900000, 0x00000000d3900000| Untracked 
|  40|0x00000000d3a00000, 0x00000000d3a00000, 0x00000000d3b00000|  0%| F|  |TAMS 0x00000000d3a00000, 0x00000000d3a00000| Untracked 
|  41|0x00000000d3b00000, 0x00000000d3b00000, 0x00000000d3c00000|  0%| F|  |TAMS 0x00000000d3b00000, 0x00000000d3b00000| Untracked 
|  42|0x00000000d3c00000, 0x00000000d3c00000, 0x00000000d3d00000|  0%| F|  |TAMS 0x00000000d3c00000, 0x00000000d3c00000| Untracked 
|  43|0x00000000d3d00000, 0x00000000d3d00000, 0x00000000d3e00000|  0%| F|  |TAMS 0x00000000d3d00000, 0x00000000d3d00000| Untracked 
|  44|0x00000000d3e00000, 0x00000000d3e00000, 0x00000000d3f00000|  0%| F|  |TAMS 0x00000000d3e00000, 0x00000000d3e00000| Untracked 
|  45|0x00000000d3f00000, 0x00000000d3f00000, 0x00000000d4000000|  0%| F|  |TAMS 0x00000000d3f00000, 0x00000000d3f00000| Untracked 
|  46|0x00000000d4000000, 0x00000000d4000000, 0x00000000d4100000|  0%| F|  |TAMS 0x00000000d4000000, 0x00000000d4000000| Untracked 
|  47|0x00000000d4100000, 0x00000000d4100000, 0x00000000d4200000|  0%| F|  |TAMS 0x00000000d4100000, 0x00000000d4100000| Untracked 
|  48|0x00000000d4200000, 0x00000000d4200000, 0x00000000d4300000|  0%| F|  |TAMS 0x00000000d4200000, 0x00000000d4200000| Untracked 
|  49|0x00000000d4300000, 0x00000000d4300000, 0x00000000d4400000|  0%| F|  |TAMS 0x00000000d4300000, 0x00000000d4300000| Untracked 
|  50|0x00000000d4400000, 0x00000000d4400000, 0x00000000d4500000|  0%| F|  |TAMS 0x00000000d4400000, 0x00000000d4400000| Untracked 
|  51|0x00000000d4500000, 0x00000000d4500000, 0x00000000d4600000|  0%| F|  |TAMS 0x00000000d4500000, 0x00000000d4500000| Untracked 
|  52|0x00000000d4600000, 0x00000000d4600000, 0x00000000d4700000|  0%| F|  |TAMS 0x00000000d4600000, 0x00000000d4600000| Untracked 
|  53|0x00000000d4700000, 0x00000000d4700000, 0x00000000d4800000|  0%| F|  |TAMS 0x00000000d4700000, 0x00000000d4700000| Untracked 
|  54|0x00000000d4800000, 0x00000000d4800000, 0x00000000d4900000|  0%| F|  |TAMS 0x00000000d4800000, 0x00000000d4800000| Untracked 
|  55|0x00000000d4900000, 0x00000000d4900000, 0x00000000d4a00000|  0%| F|  |TAMS 0x00000000d4900000, 0x00000000d4900000| Untracked 
|  56|0x00000000d4a00000, 0x00000000d4a00000, 0x00000000d4b00000|  0%| F|  |TAMS 0x00000000d4a00000, 0x00000000d4a00000| Untracked 
|  57|0x00000000d4b00000, 0x00000000d4b00000, 0x00000000d4c00000|  0%| F|  |TAMS 0x00000000d4b00000, 0x00000000d4b00000| Untracked 
|  58|0x00000000d4c00000, 0x00000000d4c00000, 0x00000000d4d00000|  0%| F|  |TAMS 0x00000000d4c00000, 0x00000000d4c00000| Untracked 
|  59|0x00000000d4d00000, 0x00000000d4d00000, 0x00000000d4e00000|  0%| F|  |TAMS 0x00000000d4d00000, 0x00000000d4d00000| Untracked 
|  60|0x00000000d4e00000, 0x00000000d4e00000, 0x00000000d4f00000|  0%| F|  |TAMS 0x00000000d4e00000, 0x00000000d4e00000| Untracked 
|  61|0x00000000d4f00000, 0x00000000d4f00000, 0x00000000d5000000|  0%| F|  |TAMS 0x00000000d4f00000, 0x00000000d4f00000| Untracked 
|  62|0x00000000d5000000, 0x00000000d5000000, 0x00000000d5100000|  0%| F|  |TAMS 0x00000000d5000000, 0x00000000d5000000| Untracked 
|  63|0x00000000d5100000, 0x00000000d5100000, 0x00000000d5200000|  0%| F|  |TAMS 0x00000000d5100000, 0x00000000d5100000| Untracked 
|  64|0x00000000d5200000, 0x00000000d5200000, 0x00000000d5300000|  0%| F|  |TAMS 0x00000000d5200000, 0x00000000d5200000| Untracked 
|  65|0x00000000d5300000, 0x00000000d5300000, 0x00000000d5400000|  0%| F|  |TAMS 0x00000000d5300000, 0x00000000d5300000| Untracked 
|  66|0x00000000d5400000, 0x00000000d5400000, 0x00000000d5500000|  0%| F|  |TAMS 0x00000000d5400000, 0x00000000d5400000| Untracked 
|  67|0x00000000d5500000, 0x00000000d5500000, 0x00000000d5600000|  0%| F|  |TAMS 0x00000000d5500000, 0x00000000d5500000| Untracked 
|  68|0x00000000d5600000, 0x00000000d5600000, 0x00000000d5700000|  0%| F|  |TAMS 0x00000000d5600000, 0x00000000d5600000| Untracked 
|  69|0x00000000d5700000, 0x00000000d5700000, 0x00000000d5800000|  0%| F|  |TAMS 0x00000000d5700000, 0x00000000d5700000| Untracked 
|  70|0x00000000d5800000, 0x00000000d5800000, 0x00000000d5900000|  0%| F|  |TAMS 0x00000000d5800000, 0x00000000d5800000| Untracked 
|  71|0x00000000d5900000, 0x00000000d5900000, 0x00000000d5a00000|  0%| F|  |TAMS 0x00000000d5900000, 0x00000000d5900000| Untracked 
|  72|0x00000000d5a00000, 0x00000000d5a00000, 0x00000000d5b00000|  0%| F|  |TAMS 0x00000000d5a00000, 0x00000000d5a00000| Untracked 
|  73|0x00000000d5b00000, 0x00000000d5b00000, 0x00000000d5c00000|  0%| F|  |TAMS 0x00000000d5b00000, 0x00000000d5b00000| Untracked 
|  74|0x00000000d5c00000, 0x00000000d5c00000, 0x00000000d5d00000|  0%| F|  |TAMS 0x00000000d5c00000, 0x00000000d5c00000| Untracked 
|  75|0x00000000d5d00000, 0x00000000d5d00000, 0x00000000d5e00000|  0%| F|  |TAMS 0x00000000d5d00000, 0x00000000d5d00000| Untracked 
|  76|0x00000000d5e00000, 0x00000000d5e00000, 0x00000000d5f00000|  0%| F|  |TAMS 0x00000000d5e00000, 0x00000000d5e00000| Untracked 
|  77|0x00000000d5f00000, 0x00000000d5f00000, 0x00000000d6000000|  0%| F|  |TAMS 0x00000000d5f00000, 0x00000000d5f00000| Untracked 
|  78|0x00000000d6000000, 0x00000000d6000000, 0x00000000d6100000|  0%| F|  |TAMS 0x00000000d6000000, 0x00000000d6000000| Untracked 
|  79|0x00000000d6100000, 0x00000000d6100000, 0x00000000d6200000|  0%| F|  |TAMS 0x00000000d6100000, 0x00000000d6100000| Untracked 
|  80|0x00000000d6200000, 0x00000000d6200000, 0x00000000d6300000|  0%| F|  |TAMS 0x00000000d6200000, 0x00000000d6200000| Untracked 
|  81|0x00000000d6300000, 0x00000000d6300000, 0x00000000d6400000|  0%| F|  |TAMS 0x00000000d6300000, 0x00000000d6300000| Untracked 
|  82|0x00000000d6400000, 0x00000000d6400000, 0x00000000d6500000|  0%| F|  |TAMS 0x00000000d6400000, 0x00000000d6400000| Untracked 
|  83|0x00000000d6500000, 0x00000000d6500000, 0x00000000d6600000|  0%| F|  |TAMS 0x00000000d6500000, 0x00000000d6500000| Untracked 
|  84|0x00000000d6600000, 0x00000000d6600000, 0x00000000d6700000|  0%| F|  |TAMS 0x00000000d6600000, 0x00000000d6600000| Untracked 
|  85|0x00000000d6700000, 0x00000000d6700000, 0x00000000d6800000|  0%| F|  |TAMS 0x00000000d6700000, 0x00000000d6700000| Untracked 
|  86|0x00000000d6800000, 0x00000000d6800000, 0x00000000d6900000|  0%| F|  |TAMS 0x00000000d6800000, 0x00000000d6800000| Untracked 
|  87|0x00000000d6900000, 0x00000000d6900000, 0x00000000d6a00000|  0%| F|  |TAMS 0x00000000d6900000, 0x00000000d6900000| Untracked 
|  88|0x00000000d6a00000, 0x00000000d6a00000, 0x00000000d6b00000|  0%| F|  |TAMS 0x00000000d6a00000, 0x00000000d6a00000| Untracked 
|  89|0x00000000d6b00000, 0x00000000d6b00000, 0x00000000d6c00000|  0%| F|  |TAMS 0x00000000d6b00000, 0x00000000d6b00000| Untracked 
|  90|0x00000000d6c00000, 0x00000000d6c00000, 0x00000000d6d00000|  0%| F|  |TAMS 0x00000000d6c00000, 0x00000000d6c00000| Untracked 
|  91|0x00000000d6d00000, 0x00000000d6d00000, 0x00000000d6e00000|  0%| F|  |TAMS 0x00000000d6d00000, 0x00000000d6d00000| Untracked 
|  92|0x00000000d6e00000, 0x00000000d6e00000, 0x00000000d6f00000|  0%| F|  |TAMS 0x00000000d6e00000, 0x00000000d6e00000| Untracked 
|  93|0x00000000d6f00000, 0x00000000d6f00000, 0x00000000d7000000|  0%| F|  |TAMS 0x00000000d6f00000, 0x00000000d6f00000| Untracked 
|  94|0x00000000d7000000, 0x00000000d7000000, 0x00000000d7100000|  0%| F|  |TAMS 0x00000000d7000000, 0x00000000d7000000| Untracked 
|  95|0x00000000d7100000, 0x00000000d7100000, 0x00000000d7200000|  0%| F|  |TAMS 0x00000000d7100000, 0x00000000d7100000| Untracked 
|  96|0x00000000d7200000, 0x00000000d7200000, 0x00000000d7300000|  0%| F|  |TAMS 0x00000000d7200000, 0x00000000d7200000| Untracked 
|  97|0x00000000d7300000, 0x00000000d7300000, 0x00000000d7400000|  0%| F|  |TAMS 0x00000000d7300000, 0x00000000d7300000| Untracked 
|  98|0x00000000d7400000, 0x00000000d7400000, 0x00000000d7500000|  0%| F|  |TAMS 0x00000000d7400000, 0x00000000d7400000| Untracked 
|  99|0x00000000d7500000, 0x00000000d7500000, 0x00000000d7600000|  0%| F|  |TAMS 0x00000000d7500000, 0x00000000d7500000| Untracked 
| 100|0x00000000d7600000, 0x00000000d7600000, 0x00000000d7700000|  0%| F|  |TAMS 0x00000000d7600000, 0x00000000d7600000| Untracked 
| 101|0x00000000d7700000, 0x00000000d7700000, 0x00000000d7800000|  0%| F|  |TAMS 0x00000000d7700000, 0x00000000d7700000| Untracked 
| 102|0x00000000d7800000, 0x00000000d7800000, 0x00000000d7900000|  0%| F|  |TAMS 0x00000000d7800000, 0x00000000d7800000| Untracked 
| 103|0x00000000d7900000, 0x00000000d7900000, 0x00000000d7a00000|  0%| F|  |TAMS 0x00000000d7900000, 0x00000000d7900000| Untracked 
| 104|0x00000000d7a00000, 0x00000000d7a00000, 0x00000000d7b00000|  0%| F|  |TAMS 0x00000000d7a00000, 0x00000000d7a00000| Untracked 
| 105|0x00000000d7b00000, 0x00000000d7b00000, 0x00000000d7c00000|  0%| F|  |TAMS 0x00000000d7b00000, 0x00000000d7b00000| Untracked 
| 106|0x00000000d7c00000, 0x00000000d7c00000, 0x00000000d7d00000|  0%| F|  |TAMS 0x00000000d7c00000, 0x00000000d7c00000| Untracked 
| 107|0x00000000d7d00000, 0x00000000d7d00000, 0x00000000d7e00000|  0%| F|  |TAMS 0x00000000d7d00000, 0x00000000d7d00000| Untracked 
| 108|0x00000000d7e00000, 0x00000000d7e00000, 0x00000000d7f00000|  0%| F|  |TAMS 0x00000000d7e00000, 0x00000000d7e00000| Untracked 
| 109|0x00000000d7f00000, 0x00000000d7f00000, 0x00000000d8000000|  0%| F|  |TAMS 0x00000000d7f00000, 0x00000000d7f00000| Untracked 
| 110|0x00000000d8000000, 0x00000000d8000000, 0x00000000d8100000|  0%| F|  |TAMS 0x00000000d8000000, 0x00000000d8000000| Untracked 
| 111|0x00000000d8100000, 0x00000000d8100000, 0x00000000d8200000|  0%| F|  |TAMS 0x00000000d8100000, 0x00000000d8100000| Untracked 
| 112|0x00000000d8200000, 0x00000000d8200000, 0x00000000d8300000|  0%| F|  |TAMS 0x00000000d8200000, 0x00000000d8200000| Untracked 
| 113|0x00000000d8300000, 0x00000000d8300000, 0x00000000d8400000|  0%| F|  |TAMS 0x00000000d8300000, 0x00000000d8300000| Untracked 
| 114|0x00000000d8400000, 0x00000000d8400000, 0x00000000d8500000|  0%| F|  |TAMS 0x00000000d8400000, 0x00000000d8400000| Untracked 
| 115|0x00000000d8500000, 0x00000000d8500000, 0x00000000d8600000|  0%| F|  |TAMS 0x00000000d8500000, 0x00000000d8500000| Untracked 
| 116|0x00000000d8600000, 0x00000000d8600000, 0x00000000d8700000|  0%| F|  |TAMS 0x00000000d8600000, 0x00000000d8600000| Untracked 
| 117|0x00000000d8700000, 0x00000000d8700000, 0x00000000d8800000|  0%| F|  |TAMS 0x00000000d8700000, 0x00000000d8700000| Untracked 
| 118|0x00000000d8800000, 0x00000000d8800000, 0x00000000d8900000|  0%| F|  |TAMS 0x00000000d8800000, 0x00000000d8800000| Untracked 
| 119|0x00000000d8900000, 0x00000000d8900000, 0x00000000d8a00000|  0%| F|  |TAMS 0x00000000d8900000, 0x00000000d8900000| Untracked 
| 120|0x00000000d8a00000, 0x00000000d8a00000, 0x00000000d8b00000|  0%| F|  |TAMS 0x00000000d8a00000, 0x00000000d8a00000| Untracked 
| 121|0x00000000d8b00000, 0x00000000d8b00000, 0x00000000d8c00000|  0%| F|  |TAMS 0x00000000d8b00000, 0x00000000d8b00000| Untracked 
| 122|0x00000000d8c00000, 0x00000000d8c00000, 0x00000000d8d00000|  0%| F|  |TAMS 0x00000000d8c00000, 0x00000000d8c00000| Untracked 
| 123|0x00000000d8d00000, 0x00000000d8dbe4c8, 0x00000000d8e00000| 74%| E|  |TAMS 0x00000000d8d00000, 0x00000000d8d00000| Complete 
| 124|0x00000000d8e00000, 0x00000000d8f00000, 0x00000000d8f00000|100%| E|CS|TAMS 0x00000000d8e00000, 0x00000000d8e00000| Complete 
| 125|0x00000000d8f00000, 0x00000000d9000000, 0x00000000d9000000|100%| E|CS|TAMS 0x00000000d8f00000, 0x00000000d8f00000| Complete 
| 126|0x00000000d9000000, 0x00000000d9100000, 0x00000000d9100000|100%| E|CS|TAMS 0x00000000d9000000, 0x00000000d9000000| Complete 
| 127|0x00000000d9100000, 0x00000000d9200000, 0x00000000d9200000|100%| E|CS|TAMS 0x00000000d9100000, 0x00000000d9100000| Complete 
| 128|0x00000000d9200000, 0x00000000d9300000, 0x00000000d9300000|100%| E|CS|TAMS 0x00000000d9200000, 0x00000000d9200000| Complete 
| 129|0x00000000d9300000, 0x00000000d9400000, 0x00000000d9400000|100%| E|CS|TAMS 0x00000000d9300000, 0x00000000d9300000| Complete 
| 130|0x00000000d9400000, 0x00000000d9500000, 0x00000000d9500000|100%| E|CS|TAMS 0x00000000d9400000, 0x00000000d9400000| Complete 
| 131|0x00000000d9500000, 0x00000000d9600000, 0x00000000d9600000|100%| E|CS|TAMS 0x00000000d9500000, 0x00000000d9500000| Complete 
| 132|0x00000000d9600000, 0x00000000d9700000, 0x00000000d9700000|100%| E|CS|TAMS 0x00000000d9600000, 0x00000000d9600000| Complete 
| 133|0x00000000d9700000, 0x00000000d9800000, 0x00000000d9800000|100%| E|CS|TAMS 0x00000000d9700000, 0x00000000d9700000| Complete 
| 134|0x00000000d9800000, 0x00000000d9900000, 0x00000000d9900000|100%| E|CS|TAMS 0x00000000d9800000, 0x00000000d9800000| Complete 
| 135|0x00000000d9900000, 0x00000000d9a00000, 0x00000000d9a00000|100%| E|CS|TAMS 0x00000000d9900000, 0x00000000d9900000| Complete 
| 136|0x00000000d9a00000, 0x00000000d9b00000, 0x00000000d9b00000|100%| E|CS|TAMS 0x00000000d9a00000, 0x00000000d9a00000| Complete 
| 137|0x00000000d9b00000, 0x00000000d9c00000, 0x00000000d9c00000|100%| E|CS|TAMS 0x00000000d9b00000, 0x00000000d9b00000| Complete 
| 138|0x00000000d9c00000, 0x00000000d9d00000, 0x00000000d9d00000|100%| E|CS|TAMS 0x00000000d9c00000, 0x00000000d9c00000| Complete 
| 139|0x00000000d9d00000, 0x00000000d9e00000, 0x00000000d9e00000|100%| E|CS|TAMS 0x00000000d9d00000, 0x00000000d9d00000| Complete 
| 140|0x00000000d9e00000, 0x00000000d9f00000, 0x00000000d9f00000|100%| E|CS|TAMS 0x00000000d9e00000, 0x00000000d9e00000| Complete 
| 141|0x00000000d9f00000, 0x00000000da000000, 0x00000000da000000|100%| E|CS|TAMS 0x00000000d9f00000, 0x00000000d9f00000| Complete 
| 142|0x00000000da000000, 0x00000000da100000, 0x00000000da100000|100%| E|CS|TAMS 0x00000000da000000, 0x00000000da000000| Complete 
| 143|0x00000000da100000, 0x00000000da200000, 0x00000000da200000|100%| E|CS|TAMS 0x00000000da100000, 0x00000000da100000| Complete 
| 144|0x00000000da200000, 0x00000000da300000, 0x00000000da300000|100%| E|CS|TAMS 0x00000000da200000, 0x00000000da200000| Complete 
| 145|0x00000000da300000, 0x00000000da400000, 0x00000000da400000|100%| E|CS|TAMS 0x00000000da300000, 0x00000000da300000| Complete 
| 146|0x00000000da400000, 0x00000000da500000, 0x00000000da500000|100%| E|CS|TAMS 0x00000000da400000, 0x00000000da400000| Complete 
| 147|0x00000000da500000, 0x00000000da600000, 0x00000000da600000|100%| E|CS|TAMS 0x00000000da500000, 0x00000000da500000| Complete 
| 148|0x00000000da600000, 0x00000000da700000, 0x00000000da700000|100%| E|CS|TAMS 0x00000000da600000, 0x00000000da600000| Complete 
| 149|0x00000000da700000, 0x00000000da800000, 0x00000000da800000|100%| E|CS|TAMS 0x00000000da700000, 0x00000000da700000| Complete 
| 150|0x00000000da800000, 0x00000000da900000, 0x00000000da900000|100%| E|CS|TAMS 0x00000000da800000, 0x00000000da800000| Complete 
| 151|0x00000000da900000, 0x00000000daa00000, 0x00000000daa00000|100%| E|CS|TAMS 0x00000000da900000, 0x00000000da900000| Complete 
| 152|0x00000000daa00000, 0x00000000dab00000, 0x00000000dab00000|100%| E|CS|TAMS 0x00000000daa00000, 0x00000000daa00000| Complete 
| 153|0x00000000dab00000, 0x00000000dac00000, 0x00000000dac00000|100%| E|CS|TAMS 0x00000000dab00000, 0x00000000dab00000| Complete 
| 154|0x00000000dac00000, 0x00000000dac57300, 0x00000000dad00000| 34%| S|CS|TAMS 0x00000000dac00000, 0x00000000dac00000| Complete 
| 155|0x00000000dad00000, 0x00000000dae00000, 0x00000000dae00000|100%| S|CS|TAMS 0x00000000dad00000, 0x00000000dad00000| Complete 
| 156|0x00000000dae00000, 0x00000000daf00000, 0x00000000daf00000|100%| S|CS|TAMS 0x00000000dae00000, 0x00000000dae00000| Complete 
| 157|0x00000000daf00000, 0x00000000db000000, 0x00000000db000000|100%| S|CS|TAMS 0x00000000daf00000, 0x00000000daf00000| Complete 
| 158|0x00000000db000000, 0x00000000db100000, 0x00000000db100000|100%| S|CS|TAMS 0x00000000db000000, 0x00000000db000000| Complete 
| 159|0x00000000db100000, 0x00000000db200000, 0x00000000db200000|100%| S|CS|TAMS 0x00000000db100000, 0x00000000db100000| Complete 
| 160|0x00000000db200000, 0x00000000db300000, 0x00000000db300000|100%| E|CS|TAMS 0x00000000db200000, 0x00000000db200000| Complete 
| 161|0x00000000db300000, 0x00000000db400000, 0x00000000db400000|100%| E|CS|TAMS 0x00000000db300000, 0x00000000db300000| Complete 
| 162|0x00000000db400000, 0x00000000db500000, 0x00000000db500000|100%| E|CS|TAMS 0x00000000db400000, 0x00000000db400000| Complete 
| 163|0x00000000db500000, 0x00000000db600000, 0x00000000db600000|100%| E|CS|TAMS 0x00000000db500000, 0x00000000db500000| Complete 
| 164|0x00000000db600000, 0x00000000db700000, 0x00000000db700000|100%| E|CS|TAMS 0x00000000db600000, 0x00000000db600000| Complete 
| 165|0x00000000db700000, 0x00000000db800000, 0x00000000db800000|100%| E|CS|TAMS 0x00000000db700000, 0x00000000db700000| Complete 
| 166|0x00000000db800000, 0x00000000db900000, 0x00000000db900000|100%| E|CS|TAMS 0x00000000db800000, 0x00000000db800000| Complete 
| 167|0x00000000db900000, 0x00000000dba00000, 0x00000000dba00000|100%| E|CS|TAMS 0x00000000db900000, 0x00000000db900000| Complete 
| 168|0x00000000dba00000, 0x00000000dbb00000, 0x00000000dbb00000|100%| E|CS|TAMS 0x00000000dba00000, 0x00000000dba00000| Complete 
| 169|0x00000000dbb00000, 0x00000000dbc00000, 0x00000000dbc00000|100%| E|CS|TAMS 0x00000000dbb00000, 0x00000000dbb00000| Complete 
| 170|0x00000000dbc00000, 0x00000000dbd00000, 0x00000000dbd00000|100%| E|CS|TAMS 0x00000000dbc00000, 0x00000000dbc00000| Complete 
| 171|0x00000000dbd00000, 0x00000000dbe00000, 0x00000000dbe00000|100%| E|CS|TAMS 0x00000000dbd00000, 0x00000000dbd00000| Complete 
| 172|0x00000000dbe00000, 0x00000000dbf00000, 0x00000000dbf00000|100%| E|CS|TAMS 0x00000000dbe00000, 0x00000000dbe00000| Complete 
| 173|0x00000000dbf00000, 0x00000000dc000000, 0x00000000dc000000|100%| E|CS|TAMS 0x00000000dbf00000, 0x00000000dbf00000| Complete 
| 174|0x00000000dc000000, 0x00000000dc100000, 0x00000000dc100000|100%| E|CS|TAMS 0x00000000dc000000, 0x00000000dc000000| Complete 
| 175|0x00000000dc100000, 0x00000000dc200000, 0x00000000dc200000|100%| E|CS|TAMS 0x00000000dc100000, 0x00000000dc100000| Complete 
| 176|0x00000000dc200000, 0x00000000dc300000, 0x00000000dc300000|100%| E|CS|TAMS 0x00000000dc200000, 0x00000000dc200000| Complete 
| 177|0x00000000dc300000, 0x00000000dc400000, 0x00000000dc400000|100%| E|CS|TAMS 0x00000000dc300000, 0x00000000dc300000| Complete 
| 178|0x00000000dc400000, 0x00000000dc500000, 0x00000000dc500000|100%| E|CS|TAMS 0x00000000dc400000, 0x00000000dc400000| Complete 
| 179|0x00000000dc500000, 0x00000000dc600000, 0x00000000dc600000|100%| E|CS|TAMS 0x00000000dc500000, 0x00000000dc500000| Complete 
| 180|0x00000000dc600000, 0x00000000dc700000, 0x00000000dc700000|100%| E|CS|TAMS 0x00000000dc600000, 0x00000000dc600000| Complete 
| 181|0x00000000dc700000, 0x00000000dc800000, 0x00000000dc800000|100%| E|CS|TAMS 0x00000000dc700000, 0x00000000dc700000| Complete 
| 182|0x00000000dc800000, 0x00000000dc900000, 0x00000000dc900000|100%| E|CS|TAMS 0x00000000dc800000, 0x00000000dc800000| Complete 
| 183|0x00000000dc900000, 0x00000000dca00000, 0x00000000dca00000|100%| E|CS|TAMS 0x00000000dc900000, 0x00000000dc900000| Complete 
| 184|0x00000000dca00000, 0x00000000dcb00000, 0x00000000dcb00000|100%| E|CS|TAMS 0x00000000dca00000, 0x00000000dca00000| Complete 
| 185|0x00000000dcb00000, 0x00000000dcc00000, 0x00000000dcc00000|100%| E|CS|TAMS 0x00000000dcb00000, 0x00000000dcb00000| Complete 
| 186|0x00000000dcc00000, 0x00000000dcd00000, 0x00000000dcd00000|100%| E|CS|TAMS 0x00000000dcc00000, 0x00000000dcc00000| Complete 
| 187|0x00000000dcd00000, 0x00000000dce00000, 0x00000000dce00000|100%| E|CS|TAMS 0x00000000dcd00000, 0x00000000dcd00000| Complete 
| 188|0x00000000dce00000, 0x00000000dcf00000, 0x00000000dcf00000|100%| E|CS|TAMS 0x00000000dce00000, 0x00000000dce00000| Complete 
| 189|0x00000000dcf00000, 0x00000000dd000000, 0x00000000dd000000|100%| E|CS|TAMS 0x00000000dcf00000, 0x00000000dcf00000| Complete 
| 190|0x00000000dd000000, 0x00000000dd100000, 0x00000000dd100000|100%| E|CS|TAMS 0x00000000dd000000, 0x00000000dd000000| Complete 
| 191|0x00000000dd100000, 0x00000000dd200000, 0x00000000dd200000|100%| E|CS|TAMS 0x00000000dd100000, 0x00000000dd100000| Complete 
| 192|0x00000000dd200000, 0x00000000dd300000, 0x00000000dd300000|100%| E|CS|TAMS 0x00000000dd200000, 0x00000000dd200000| Complete 
| 193|0x00000000dd300000, 0x00000000dd400000, 0x00000000dd400000|100%| E|CS|TAMS 0x00000000dd300000, 0x00000000dd300000| Complete 
| 194|0x00000000dd400000, 0x00000000dd500000, 0x00000000dd500000|100%| E|CS|TAMS 0x00000000dd400000, 0x00000000dd400000| Complete 
| 195|0x00000000dd500000, 0x00000000dd600000, 0x00000000dd600000|100%| E|CS|TAMS 0x00000000dd500000, 0x00000000dd500000| Complete 
| 196|0x00000000dd600000, 0x00000000dd700000, 0x00000000dd700000|100%| E|CS|TAMS 0x00000000dd600000, 0x00000000dd600000| Complete 
| 197|0x00000000dd700000, 0x00000000dd800000, 0x00000000dd800000|100%| E|CS|TAMS 0x00000000dd700000, 0x00000000dd700000| Complete 
| 198|0x00000000dd800000, 0x00000000dd900000, 0x00000000dd900000|100%| E|CS|TAMS 0x00000000dd800000, 0x00000000dd800000| Complete 
| 199|0x00000000dd900000, 0x00000000dda00000, 0x00000000dda00000|100%| E|CS|TAMS 0x00000000dd900000, 0x00000000dd900000| Complete 
| 200|0x00000000dda00000, 0x00000000ddb00000, 0x00000000ddb00000|100%| E|CS|TAMS 0x00000000dda00000, 0x00000000dda00000| Complete 
| 201|0x00000000ddb00000, 0x00000000ddc00000, 0x00000000ddc00000|100%| E|CS|TAMS 0x00000000ddb00000, 0x00000000ddb00000| Complete 
| 202|0x00000000ddc00000, 0x00000000ddd00000, 0x00000000ddd00000|100%| E|CS|TAMS 0x00000000ddc00000, 0x00000000ddc00000| Complete 
| 203|0x00000000ddd00000, 0x00000000dde00000, 0x00000000dde00000|100%| E|CS|TAMS 0x00000000ddd00000, 0x00000000ddd00000| Complete 
| 204|0x00000000dde00000, 0x00000000ddf00000, 0x00000000ddf00000|100%| E|CS|TAMS 0x00000000dde00000, 0x00000000dde00000| Complete 
| 205|0x00000000ddf00000, 0x00000000de000000, 0x00000000de000000|100%| E|CS|TAMS 0x00000000ddf00000, 0x00000000ddf00000| Complete 
| 206|0x00000000de000000, 0x00000000de100000, 0x00000000de100000|100%| E|CS|TAMS 0x00000000de000000, 0x00000000de000000| Complete 
| 207|0x00000000de100000, 0x00000000de200000, 0x00000000de200000|100%| E|CS|TAMS 0x00000000de100000, 0x00000000de100000| Complete 
| 208|0x00000000de200000, 0x00000000de300000, 0x00000000de300000|100%| E|CS|TAMS 0x00000000de200000, 0x00000000de200000| Complete 
| 209|0x00000000de300000, 0x00000000de400000, 0x00000000de400000|100%| E|CS|TAMS 0x00000000de300000, 0x00000000de300000| Complete 
| 210|0x00000000de400000, 0x00000000de500000, 0x00000000de500000|100%| E|CS|TAMS 0x00000000de400000, 0x00000000de400000| Complete 
| 211|0x00000000de500000, 0x00000000de600000, 0x00000000de600000|100%| E|CS|TAMS 0x00000000de500000, 0x00000000de500000| Complete 
| 212|0x00000000de600000, 0x00000000de700000, 0x00000000de700000|100%| E|CS|TAMS 0x00000000de600000, 0x00000000de600000| Complete 
| 213|0x00000000de700000, 0x00000000de800000, 0x00000000de800000|100%| E|CS|TAMS 0x00000000de700000, 0x00000000de700000| Complete 
| 214|0x00000000de800000, 0x00000000de900000, 0x00000000de900000|100%| E|CS|TAMS 0x00000000de800000, 0x00000000de800000| Complete 
| 215|0x00000000de900000, 0x00000000dea00000, 0x00000000dea00000|100%| E|CS|TAMS 0x00000000de900000, 0x00000000de900000| Complete 
| 746|0x00000000ffc00000, 0x00000000ffc48000, 0x00000000ffd00000| 28%|OA|  |TAMS 0x00000000ffc48000, 0x00000000ffc00000| Untracked 
| 748|0x00000000ffe00000, 0x00000000ffe6c000, 0x00000000fff00000| 42%|CA|  |TAMS 0x00000000ffe6c000, 0x00000000ffe00000| Untracked 

Card table byte_map: [0x00007ff70e41a000,0x00007ff70e591000] _byte_map_base: 0x00007ff70dd91000

Marking Bits (Prev, Next): (CMBitMap*) 0x00007ff70804dcc0, (CMBitMap*) 0x00007ff70804dc88
 Prev Bits: [0x00007ff70cb33000, 0x00007ff70d6eb000)
 Next Bits: [0x00007ff70d6eb000, 0x00007ff70e2a3000)

Polling page: 0x00007ff711ab8000

Metaspace:

Usage:
  Non-class:     24.23 MB capacity,    23.74 MB ( 98%) used,   400.49 KB (  2%) free+waste,   101.31 KB ( <1%) overhead. 
      Class:      3.46 MB capacity,     3.10 MB ( 89%) used,   327.72 KB (  9%) free+waste,    47.81 KB (  1%) overhead. 
       Both:     27.70 MB capacity,    26.84 MB ( 97%) used,   728.21 KB (  3%) free+waste,   149.12 KB ( <1%) overhead. 

Virtual space:
  Non-class space:       26.00 MB reserved,      24.50 MB ( 94%) committed 
      Class space:        1.00 GB reserved,       3.50 MB ( <1%) committed 
             Both:        1.03 GB reserved,      28.00 MB (  3%) committed 

Chunk freelists:
   Non-Class:  34.00 KB
       Class:  6.00 KB
        Both:  40.00 KB

MaxMetaspaceSize: unlimited
CompressedClassSpaceSize: 1.00 GB
Initial GC threshold: 20.80 MB
Current GC threshold: 35.20 MB
CDS: on

CodeHeap 'non-profiled nmethods': size=119172Kb used=1919Kb max_used=1919Kb free=117252Kb
 bounds [0x00007ff6f819f000, 0x00007ff6f840f000, 0x00007ff6ff600000]
CodeHeap 'profiled nmethods': size=119168Kb used=8533Kb max_used=8533Kb free=110634Kb
 bounds [0x00007ff6f0d3f000, 0x00007ff6f159f000, 0x00007ff6f819f000]
CodeHeap 'non-nmethods': size=7420Kb used=1368Kb max_used=3110Kb free=6051Kb
 bounds [0x00007ff6f0600000, 0x00007ff6f0920000, 0x00007ff6f0d3f000]
 total_blobs=4213 nmethods=3608 adapters=526
 compilation: enabled
              stopped_count=0, restarted_count=0
 full_count=0

Compilation events (20 events):
Event: 2.848 Thread 0x00007ff6bc11e000 3520       4       java.lang.PublicMethods$MethodList::merge (192 bytes)
Event: 2.848 Thread 0x00007ff6a01d4800 nmethod 3505 0x00007ff6f8362a10 code [0x00007ff6f8362ec0, 0x00007ff6f8366c40]
Event: 2.849 Thread 0x00007ff6a01d4800 3503       4       org.springframework.core.annotation.TypeMappedAnnotations$MergedAnnotationFinder::doWithAggregate (7 bytes)
Event: 2.849 Thread 0x00007ff6a01d4800 nmethod 3503 0x00007ff6f8369a90 code [0x00007ff6f8369c20, 0x00007ff6f8369c98]
Event: 2.849 Thread 0x00007ff6a01d4800 3537       4       sun.reflect.annotation.AnnotationInvocationHandler::invoke (178 bytes)
Event: 2.854 Thread 0x00007ff6bc11e000 nmethod 3520 0x00007ff6f8369d90 code [0x00007ff6f8369f40, 0x00007ff6f836a498]
Event: 2.854 Thread 0x00007ff6bc11e000 3507       4       org.springframework.core.annotation.AnnotationsScanner::hasPlainJavaAnnotationsOnly (37 bytes)
Event: 2.859 Thread 0x00007ff6bc11e000 nmethod 3507 0x00007ff6f836a790 code [0x00007ff6f836a960, 0x00007ff6f836acf8]
Event: 2.873 Thread 0x00007ff6a01d4800 nmethod 3537 0x00007ff6f836b090 code [0x00007ff6f836b300, 0x00007ff6f836c6b8]
Event: 3.035 Thread 0x00007ff7081d8000 nmethod 3504 0x00007ff6f836d290 code [0x00007ff6f836dae0, 0x00007ff6f8377710]
Event: 16.901 Thread 0x00007ff7081da000 3603   !   3       com.sun.proxy.$Proxy23::extension (29 bytes)
Event: 16.902 Thread 0x00007ff7081da000 nmethod 3603 0x00007ff6f158de10 code [0x00007ff6f158e000, 0x00007ff6f158e470]
Event: 16.906 Thread 0x00007ff7081da000 3604       3       jdk.internal.reflect.ClassFileAssembler::emitConstantPoolNameAndType (28 bytes)
